 Global stiffness
 
   14.911482    2.250000    0.000000   -4.500000    0.000000    0.000000    0.000000    0.000000    0.000000    0.000000    0.000000    0.000000    0.000000    0.000000    0.000000    0.000000    0.000000    0.000000   -2.250000   -5.911482    0.000000    0.000000    0.000000    0.000000    0.000000    0.000000    0.000000
    0.000000    0.000000    0.000000    0.000000    0.000000    0.000000    0.000000    0.000000    0.000000    0.000000    0.000000    0.000000    0.000000    0.000000    0.000000    0.000000    0.000000    0.000000    0.000000    0.000000    0.000000    0.000000    0.000000    0.000000    0.000000    0.000000    0.000000
    0.000000    0.000000
    2.250000   16.287094   -4.500000   -0.389090   -3.332889    0.000000    0.000000    0.000000    0.000000    0.000000    0.000000   -2.250000    1.329640   -0.389089    0.000000    0.000000    0.000000    0.000000    0.000000   -0.546835    0.000000    0.000000    0.176887    0.000000    0.000000    0.000000    0.000000
    0.000000    0.000000    0.000000    0.000000    0.000000    0.000000    0.000000    0.000000    0.000000    0.000000    0.000000    0.000000    0.000000    0.000000    0.000000    0.000000    0.000000    0.000000    0.000000    0.000000    0.000000    0.000000    0.000000    0.000000    0.000000    0.000000    0.000000
    0.000000    0.000000
    0.000000   -4.500000   29.726320   -4.500001  -11.726319    0.000000    0.000000    0.000000    0.000000   -4.500001    0.000000    0.000000    0.000000    4.500000    0.000000    0.000000    0.000000    0.000000    0.000000    0.000000    0.000000    0.000000    0.000000    0.000000    0.000000    0.000000    0.000000
    0.000000    0.000000    0.000000    0.000000    0.000000    0.000000    0.000000    0.000000    0.000000    0.000000    0.000000    0.000000    0.000000    0.000000    0.000000    0.000000    0.000000    0.000000    0.000000    0.000000    0.000000    0.000000    0.000000    0.000000    0.000000    0.000000    0.000000
    0.000000    0.000000
   -4.500000   -0.389090   -4.500001   32.560904    1.524189    4.500000   -4.500001   -0.391762   -3.332170   -0.392105    0.000000    0.000000    0.000000    0.000000    0.000000    0.000000    0.000000    0.000000   -0.388744   -5.603878   -2.209109   -1.834161    0.000000    0.000000    0.000000    0.000000    0.000000
    0.000000    0.000000    0.000000    0.000000    0.000000    0.000000    0.000000    0.000000    0.000000    0.000000    0.000000    0.000000    0.000000    0.000000    0.000000    0.000000    0.000000    0.000000    0.000000    0.000000    0.000000    0.000000    0.000000    0.000000    0.000000    0.000000    0.000000
    0.000000    0.000000
    0.000000   -3.332889  -11.726319    1.524189   57.828743    0.000000    0.000000    0.000000    1.068684   -5.581040   -7.807358    0.000000    1.061128   -2.209145    0.460564    0.000000    1.069320    0.000000    0.000000    1.063670    0.000000   -4.044273  -10.047629   -3.582064    0.000000    0.000000    0.000000
    0.000000    0.000000    0.000000    0.000000    0.000000    0.000000    0.000000    0.000000    0.000000    0.000000    0.000000    0.000000    0.000000    0.000000    0.000000    0.000000    0.000000    0.000000    0.000000    0.000000    0.000000    0.000000    0.000000    0.000000    0.000000    0.000000    0.000000
    0.000000    0.000000
    0.000000    0.000000    0.000000    4.500000    0.000000   14.868660    0.000000   -2.247639    0.000000    0.000000    0.000000    0.000000    0.000000    0.000000    0.000000    0.000000    0.000000    0.000000   -2.252365    0.000000   -5.868657    0.000000    0.000000    0.000000    0.000000    0.000000    0.000000
    0.000000    0.000000    0.000000    0.000000    0.000000    0.000000    0.000000    0.000000    0.000000    0.000000    0.000000    0.000000    0.000000    0.000000    0.000000    0.000000    0.000000    0.000000    0.000000    0.000000    0.000000    0.000000    0.000000    0.000000    0.000000    0.000000    0.000000
    0.000000    0.000000
    0.000000    0.000000    0.000000   -4.500001    0.000000    0.000000   29.726320   -4.500000  -11.726319    4.500001    0.000000    0.000000    0.000000    0.000000    0.000000    0.000000    0.000000    0.000000    0.000000    0.000000    0.000000    0.000000    0.000000    0.000000    0.000000    0.000000    0.000000
    0.000000    0.000000    0.000000    0.000000    0.000000    0.000000    0.000000    0.000000    0.000000    0.000000    0.000000    0.000000    0.000000   -4.500000    0.000000    0.000000    0.000000    0.000000    0.000000    0.000000    0.000000    0.000000    0.000000    0.000000    0.000000    0.000000    0.000000
    0.000000    0.000000
    0.000000    0.000000    0.000000   -0.391762    0.000000   -2.247639   -4.500000   16.280977    1.514673    0.000000    0.000000    0.000000    0.000000    0.000000    0.000000    0.000000    0.000000    0.000000    0.000000    0.000000   -2.794117    0.000000    0.000000    0.000000    0.000000    0.000000    0.000000
    0.000000    0.000000    0.000000   -0.924491    0.000000    0.000000    0.000000    0.000000    0.000000    0.000000    0.000000    0.000000    0.000000   -0.389089    0.000000   -2.250000   -1.673668    0.000000    0.000000    0.000000    0.000000    0.000000    0.000000    0.000000    0.000000    0.000000    0.000000
    0.000000    0.000000
    0.000000    0.000000    0.000000   -3.332170    1.068684    0.000000  -11.726319    1.514673   57.865446   -2.206758    0.456262    0.000000    0.000000    0.000000    0.000000    0.000000    0.000000    0.000000    0.000000    0.000000    1.076757  -10.062600    0.000000    0.000000    0.000000    0.000000    0.000000
    0.000000    0.000000    0.000000   -4.064574   -3.580489    0.000000    0.000000    0.000000    0.000000    0.000000    0.000000    0.000000    0.000000   -5.581847    1.069716    0.000000    1.070874   -7.810365    0.000000    0.000000    0.000000    0.000000    0.000000    0.000000    0.000000    0.000000    0.000000
    0.000000    0.000000
    0.000000    0.000000   -4.500001   -0.392105   -5.581040    0.000000    4.500001    0.000000   -2.206758   32.544151   -1.835301    0.000000    0.000000   -0.392127    0.000000   -4.500000    1.525144    0.000000    0.000000    0.000000    0.000000    0.000000    0.000000    0.000000    0.000000    0.000000    0.000000
    0.000000    0.000000    0.000000    0.000000    0.000000    0.000000    0.000000    0.000000    0.000000    0.000000    0.000000    0.000000   -4.500000   -0.392105   -3.330722    0.000000    0.000000    0.000000    0.000000   -0.392127    0.000000    0.000000    0.000000    0.000000    0.000000    0.000000    0.000000
    0.000000    0.000000
    0.000000    0.000000    0.000000    0.000000   -7.807358    0.000000    0.000000    0.000000    0.456262   -1.835301   59.016191    0.000000    0.000000    0.000000    1.790356    0.000000   -4.061211    0.863711    0.000000    0.000000    0.000000    1.790540    0.000000  -10.046465    0.000000    0.000000    0.000000
    0.000000    0.000000    0.000000    0.000000   -4.421366   -1.799410    0.000000    0.000000    0.000000    0.000000    0.000000    0.000000    0.000000    0.000000  -10.060629    0.000000    0.000000    1.789030   -7.791118    0.000000    1.787890    0.000000    0.000000    0.000000    0.000000    0.000000    0.000000
    0.000000    0.000000
    0.000000   -2.250000    0.000000    0.000000    0.000000    0.000000    0.000000    0.000000    0.000000    0.000000    0.000000    7.455741   -2.955741   -2.250000    0.000000    0.000000    0.000000    0.000000    0.000000    0.000000    0.000000    0.000000    0.000000    0.000000    0.000000    0.000000    0.000000
    0.000000    0.000000    0.000000    0.000000    0.000000    0.000000    0.000000    0.000000    0.000000    0.000000    0.000000    0.000000    0.000000    0.000000    0.000000    0.000000    0.000000    0.000000    0.000000    0.000000    0.000000    0.000000    0.000000    0.000000    0.000000    0.000000    0.000000
    0.000000    0.000000
    0.000000    1.329640    0.000000    0.000000    1.061128    0.000000    0.000000    0.000000    0.000000    0.000000    0.000000   -2.955741   14.455268   -2.801904   -3.880278    0.000000    0.000000    0.000000    0.000000    0.000000    0.000000    0.000000   -0.143401    0.000000    0.000000    0.000000    0.000000
    0.000000    0.000000    0.000000    0.000000    0.000000    0.000000    0.000000    0.000000   -0.315735    0.000000    0.000000    0.000000    0.000000    0.000000    0.000000    0.000000    0.000000    0.000000    0.000000    0.000000    0.000000    0.000000    0.000000    0.000000    0.000000    0.000000    0.000000
    0.000000    0.000000
    0.000000   -0.389089    4.500000    0.000000   -2.209145    0.000000    0.000000    0.000000    0.000000   -0.392127    0.000000   -2.250000   -2.801904   16.278331   -0.914160   -2.252744   -1.660500    0.000000    0.000000    0.000000    0.000000    0.000000    0.000000    0.000000    0.000000    0.000000    0.000000
    0.000000    0.000000    0.000000    0.000000    0.000000    0.000000    0.000000    0.000000    0.000000    0.000000    0.000000    0.000000    0.000000    0.000000    0.000000    0.000000    0.000000    0.000000    0.000000    0.000000    0.000000    0.000000    0.000000    0.000000    0.000000    0.000000    0.000000
    0.000000    0.000000
    0.000000    0.000000    0.000000    0.000000    0.460564    0.000000    0.000000    0.000000    0.000000    0.000000    1.790356    0.000000   -3.880278   -0.914160   29.473132    0.000000   -5.020299   -3.904678    0.000000    0.000000    0.000000    0.000000    1.774442   -4.422414    0.000000    0.000000    0.000000
    0.000000    0.000000    0.000000    0.000000    0.000000    0.000000    0.000000    0.000000   -5.004964   -0.900040    0.000000    0.000000    0.000000    0.000000    0.000000    0.000000    0.000000    0.000000    0.000000    0.000000    0.000000    0.000000    0.000000    0.000000    0.000000    0.000000    0.000000
    0.000000    0.000000
    0.000000    0.000000    0.000000    0.000000    0.000000    0.000000    0.000000    0.000000    0.000000   -4.500000    0.000000    0.000000    0.000000   -2.252744    0.000000   14.862815   -5.862810    0.000000    0.000000    0.000000    0.000000    0.000000    0.000000    0.000000    0.000000    0.000000    0.000000
    0.000000    0.000000    0.000000    0.000000    0.000000    0.000000    0.000000    0.000000    0.000000    0.000000    0.000000    0.000000    0.000000    0.000000    0.000000    0.000000    0.000000    0.000000    0.000000   -2.247261    0.000000    0.000000    0.000000    0.000000    0.000000    0.000000    0.000000
    0.000000    0.000000
    0.000000    0.000000    0.000000    0.000000    1.069320    0.000000    0.000000    0.000000    0.000000    1.525144   -4.061211    0.000000    0.000000   -1.660500   -5.020299   -5.862810   28.932958   -1.787549    0.000000    0.000000    0.000000    0.000000    0.000000    0.000000    0.000000    0.000000    0.000000
    0.000000    0.000000    0.000000    0.000000    0.000000    0.000000    0.000000    0.000000    0.000000    0.000000    0.000000    0.000000    0.000000    0.000000    1.077565    0.000000    0.000000    0.000000    0.000000   -2.793452   -3.930882    0.000000    0.000000    0.000000    0.000000    0.000000    0.000000
    0.000000    0.000000
    0.000000    0.000000    0.000000    0.000000    0.000000    0.000000    0.000000    0.000000    0.000000    0.000000    0.863711    0.000000    0.000000    0.000000   -3.904678    0.000000   -1.787549   28.800788    0.000000    0.000000    0.000000    0.000000    0.000000    1.053550    0.000000    0.000000    0.000000
    0.000000    0.000000    0.000000    0.000000    0.000000   -0.322992    0.000000    0.000000    0.000000   -2.780193    0.000000   -5.795043    0.000000    0.000000    0.000000    0.000000    0.000000    0.000000    1.045228    0.000000   -4.999607   -1.657859    0.000000    0.000000    0.000000    0.000000    0.000000
    0.000000    0.000000
   -2.250000    0.000000    0.000000   -0.388744    0.000000   -2.252365    0.000000    0.000000    0.000000    0.000000    0.000000    0.000000    0.000000    0.000000    0.000000    0.000000    0.000000    0.000000    8.143170    1.328412   -1.662598    0.000000    0.000000    0.000000    0.087362    0.000000    0.000000
    0.000000    0.000000    0.000000    0.000000    0.000000    0.000000    0.000000    0.000000    0.000000    0.000000    0.000000    0.000000    0.000000    0.000000    0.000000    0.000000    0.000000    0.000000    0.000000    0.000000    0.000000    0.000000    0.000000    0.000000    0.000000    0.000000    0.000000
    0.000000    0.000000
   -5.911482   -0.546835    0.000000   -5.603878    1.063670    0.000000    0.000000    0.000000    0.000000    0.000000    0.000000    0.000000    0.000000    0.000000    0.000000    0.000000    0.000000    0.000000    1.328412   28.922408    1.066211   -7.775159   -0.516132    0.000000   -0.145427   -0.630474    0.000000
    0.000000    0.000000    0.000000    0.000000    0.000000    0.000000    0.000000    0.000000    0.000000    0.000000    0.000000    0.000000    0.000000    0.000000    0.000000    0.000000    0.000000    0.000000    0.000000    0.000000    0.000000    0.000000    0.000000    0.000000    0.000000    0.000000    0.000000
    0.000000    0.000000
    0.000000    0.000000    0.000000   -2.209109    0.000000   -5.868657    0.000000   -2.794117    1.076757    0.000000    0.000000    0.000000    0.000000    0.000000    0.000000    0.000000    0.000000    0.000000   -1.662598    1.066211   28.932413    0.455903    0.000000    0.000000   -5.018400    0.000000   -1.782760
    0.000000    0.000000    0.000000   -3.929311    0.000000    0.000000    0.000000    0.000000    0.000000    0.000000    0.000000    0.000000    0.000000    0.000000    0.000000    0.000000    0.000000    0.000000    0.000000    0.000000    0.000000    0.000000    0.000000    0.000000    0.000000    0.000000    0.000000
    0.000000    0.000000
    0.000000    0.000000    0.000000   -1.834161   -4.044273    0.000000    0.000000    0.000000  -10.062600    0.000000    1.790540    0.000000    0.000000    0.000000    0.000000    0.000000    0.000000    0.000000    0.000000   -7.775159    0.455903   58.945094    1.772946    0.859947    1.770005  -10.003608   -4.397713
   -1.795390    0.000000    0.000000    1.785010   -7.788886    0.000000    0.000000    0.000000    0.000000    0.000000    0.000000    0.000000    0.000000    0.000000    0.000000    0.000000    0.000000    0.000000    0.000000    0.000000    0.000000    0.000000    0.000000    0.000000    0.000000    0.000000    0.000000
    0.000000    0.000000
    0.000000    0.176887    0.000000    0.000000  -10.047629    0.000000    0.000000    0.000000    0.000000    0.000000    0.000000    0.000000   -0.143401    0.000000    1.774442    0.000000    0.000000    0.000000    0.000000   -0.516132    0.000000    1.772946   29.448393   -7.785569    0.000000   -0.513757    0.000000
    0.000000    0.194120    0.000000    0.000000    0.000000    0.000000    0.000000    0.000000   -0.136682    0.000000    0.000000    0.000000    0.000000    0.000000    0.000000    0.000000    0.000000    0.000000    0.000000    0.000000    0.000000    0.000000    0.000000    0.000000    0.000000    0.000000    0.000000
    0.000000    0.000000
    0.000000    0.000000    0.000000    0.000000   -3.582064    0.000000    0.000000    0.000000    0.000000    0.000000  -10.046465    0.000000    0.000000    0.000000   -4.422414    0.000000    0.000000    1.053550    0.000000    0.000000    0.000000    0.859947   -7.785569   57.614104    0.000000    1.047229    0.000000
   -0.323311   -5.560438  -11.580623    0.000000    1.053540   -3.308662    0.000000    0.000000    1.049087   -0.324270    0.000000    0.000000    0.000000    0.000000    0.000000    0.000000    0.000000    0.000000    0.000000    0.000000    0.000000    0.000000    0.000000    0.000000    0.000000    0.000000    0.000000
    0.000000    0.000000
    0.000000    0.000000    0.000000    0.000000    0.000000    0.000000    0.000000    0.000000    0.000000    0.000000    0.000000    0.000000    0.000000    0.000000    0.000000    0.000000    0.000000    0.000000    0.087362   -0.145427   -5.018400    1.770005    0.000000    0.000000   14.716559   -0.129300   -3.888936
    0.000000    0.000000    0.000000    0.000000    0.000000    0.000000    0.000000    0.000000    0.000000    0.000000    0.000000    0.000000    0.000000    0.000000    0.000000    0.000000    0.000000    0.000000    0.000000    0.000000    0.000000    0.000000    0.000000    0.000000    0.000000    0.000000    0.098291
    0.000000    0.000000
    0.000000    0.000000    0.000000    0.000000    0.000000    0.000000    0.000000    0.000000    0.000000    0.000000    0.000000    0.000000    0.000000    0.000000    0.000000    0.000000    0.000000    0.000000    0.000000   -0.630474    0.000000  -10.003608   -0.513757    1.047229   -0.129300   28.805036    1.043144
   -3.333036   -0.536131    0.000000    0.000000    0.000000    0.000000    0.000000    0.000000    0.000000    0.000000    0.000000    0.000000    0.000000    0.000000    0.000000    0.000000    0.000000    0.000000    0.000000    0.000000    0.000000    0.000000    0.000000    0.000000    0.000000    0.000000    1.335919
   -5.842558    0.000000
    0.000000    0.000000    0.000000    0.000000    0.000000    0.000000    0.000000    0.000000    0.000000    0.000000    0.000000    0.000000    0.000000    0.000000    0.000000    0.000000    0.000000    0.000000    0.000000    0.000000   -1.782760   -4.397713    0.000000    0.000000   -3.888936    1.043144   28.791806
   -0.326269    0.000000    0.000000   -4.995877    1.043892    0.000000   -1.657125    0.000000    0.000000    0.000000    0.000000    0.000000    0.000000    0.000000    0.000000    0.000000    0.000000    0.000000    0.000000    0.000000    0.000000    0.000000    0.000000    0.000000    0.000000    0.000000   -2.787271
    0.000000   -5.805298
    0.000000    0.000000    0.000000    0.000000    0.000000    0.000000    0.000000    0.000000    0.000000    0.000000    0.000000    0.000000    0.000000    0.000000    0.000000    0.000000    0.000000    0.000000    0.000000    0.000000    0.000000   -1.795390    0.000000   -0.323311    0.000000   -3.333036   -0.326269
   32.477583    0.727044    0.000000    0.000000   -5.558744    0.723789    0.725377   -4.500001    0.000000    0.000000    0.000000    0.000000    0.000000    0.000000    0.000000    0.000000    0.000000    0.000000    0.000000    0.000000    0.000000    0.000000    0.000000    0.000000    0.000000    0.000000    0.727333
   -4.500000    0.000000
    0.000000    0.000000    0.000000    0.000000    0.000000    0.000000    0.000000    0.000000    0.000000    0.000000    0.000000    0.000000    0.000000    0.000000    0.000000    0.000000    0.000000    0.000000    0.000000    0.000000    0.000000    0.000000    0.194120   -5.560438    0.000000   -0.536131    0.000000
    0.727044   16.244610   -4.500000    0.000000    0.000000    0.000000    0.000000    0.000000    1.337097    0.727043   -2.250000    0.000000    0.000000    0.000000    0.000000    0.000000    0.000000    0.000000    0.000000    0.000000    0.000000    0.000000    0.000000    0.000000    0.000000    0.000000    0.000000
    2.250000    0.000000
    0.000000    0.000000    0.000000    0.000000    0.000000    0.000000    0.000000    0.000000    0.000000    0.000000    0.000000    0.000000    0.000000    0.000000    0.000000    0.000000    0.000000    0.000000    0.000000    0.000000    0.000000    0.000000    0.000000  -11.580623    0.000000    0.000000    0.000000
    0.000000   -4.500000   29.580624    0.000000    0.000000   -4.500001    0.000000    0.000000    0.000000    0.000000    0.000000    0.000000    0.000000    0.000000    0.000000    0.000000    0.000000    0.000000    0.000000    0.000000    0.000000    0.000000    0.000000    0.000000    0.000000    0.000000    0.000000
    0.000000    0.000000
    0.000000    0.000000    0.000000    0.000000    0.000000    0.000000    0.000000   -0.924491   -4.064574    0.000000    0.000000    0.000000    0.000000    0.000000    0.000000    0.000000    0.000000    0.000000    0.000000    0.000000   -3.929311    1.785010    0.000000    0.000000    0.000000    0.000000   -4.995877
    0.000000    0.000000    0.000000   29.490765    0.863395    0.000000   -0.891215    0.000000    0.000000    0.000000    0.000000    0.000000    0.000000    0.000000    0.000000    0.000000   -5.025126    1.783431    0.000000    0.000000    0.000000    0.000000   -3.881064    0.000000    0.000000    0.000000    0.000000
    0.000000    0.000000
    0.000000    0.000000    0.000000    0.000000    0.000000    0.000000    0.000000    0.000000   -3.580489    0.000000   -4.421366    0.000000    0.000000    0.000000    0.000000    0.000000    0.000000    0.000000    0.000000    0.000000    0.000000   -7.788886    0.000000    1.053540    0.000000    0.000000    1.043892
   -5.558744    0.000000    0.000000    0.863395   57.587787   -0.322578   -0.323370  -11.580623    0.000000    0.000000    0.000000    0.000000    0.000000    0.000000    0.000000    0.000000    0.000000  -10.038427    1.054198    0.000000    0.000000    0.000000    1.045312   -3.309307    0.000000    0.000000    0.000000
    0.000000    0.000000
    0.000000    0.000000    0.000000    0.000000    0.000000    0.000000    0.000000    0.000000    0.000000    0.000000   -1.799410    0.000000    0.000000    0.000000    0.000000    0.000000    0.000000   -0.322992    0.000000    0.000000    0.000000    0.000000    0.000000   -3.308662    0.000000    0.000000    0.000000
    0.723789    0.000000   -4.500001    0.000000   -0.322578   32.457957    0.000000    0.000000    0.000000    0.723977    0.000000    0.000000    0.000000    0.000000    0.000000    0.000000    0.000000    0.000000   -5.558869    0.000000    0.000000    0.724192    0.000000    0.723789   -4.500000    0.000000    0.000000
    0.000000    0.000000
    0.000000    0.000000    0.000000    0.000000    0.000000    0.000000    0.000000    0.000000    0.000000    0.000000    0.000000    0.000000    0.000000    0.000000    0.000000    0.000000    0.000000    0.000000    0.000000    0.000000    0.000000    0.000000    0.000000    0.000000    0.000000    0.000000   -1.657125
    0.725377    0.000000    0.000000   -0.891215   -0.323370    0.000000   16.230505    0.000000    0.000000    0.000000    0.000000    0.000000    0.000000    0.000000    0.000000    0.000000    0.000000    0.000000    0.000000    0.000000    0.000000    0.000000   -2.781897    0.723776    0.000000   -2.250000    0.000000
    0.000000   -2.251686
    0.000000    0.000000    0.000000    0.000000    0.000000    0.000000    0.000000    0.000000    0.000000    0.000000    0.000000    0.000000    0.000000    0.000000    0.000000    0.000000    0.000000    0.000000    0.000000    0.000000    0.000000    0.000000    0.000000    0.000000    0.000000    0.000000    0.000000
   -4.500001    0.000000    0.000000    0.000000  -11.580623    0.000000    0.000000   29.580624    0.000000    0.000000    0.000000    0.000000    0.000000    0.000000    0.000000    0.000000    0.000000    0.000000    0.000000    0.000000    0.000000    0.000000    0.000000   -4.500000    0.000000    0.000000    0.000000
    0.000000    0.000000
    0.000000    0.000000    0.000000    0.000000    0.000000    0.000000    0.000000    0.000000    0.000000    0.000000    0.000000    0.000000   -0.315735    0.000000   -5.004964    0.000000    0.000000    0.000000    0.000000    0.000000    0.000000    0.000000   -0.136682    1.049087    0.000000    0.000000    0.000000
    0.000000    1.337097    0.000000    0.000000    0.000000    0.000000    0.000000    0.000000   14.404574   -1.665655   -2.921279    0.000000    0.000000    0.000000    0.000000    0.000000    0.000000    0.000000    0.000000    0.000000    0.000000    0.000000    0.000000    0.000000    0.000000    0.000000    0.000000
    0.000000    0.000000
    0.000000    0.000000    0.000000    0.000000    0.000000    0.000000    0.000000    0.000000    0.000000    0.000000    0.000000    0.000000    0.000000    0.000000   -0.900040    0.000000    0.000000   -2.780193    0.000000    0.000000    0.000000    0.000000    0.000000   -0.324270    0.000000    0.000000    0.000000
    0.000000    0.727043    0.000000    0.000000    0.000000    0.723977    0.000000    0.000000   -1.665655   16.237113   -2.250000   -2.249725    0.000000    0.000000    0.000000    0.000000    0.000000    0.000000    0.000000    0.000000    0.000000    0.000000    0.000000    0.000000    0.000000    0.000000    0.000000
    0.000000    0.000000
    0.000000    0.000000    0.000000    0.000000    0.000000    0.000000    0.000000    0.000000    0.000000    0.000000    0.000000    0.000000    0.000000    0.000000    0.000000    0.000000    0.000000    0.000000    0.000000    0.000000    0.000000    0.000000    0.000000    0.000000    0.000000    0.000000    0.000000
    0.000000   -2.250000    0.000000    0.000000    0.000000    0.000000    0.000000    0.000000   -2.921279   -2.250000    7.421279    0.000000    0.000000    0.000000    0.000000    0.000000    0.000000    0.000000    0.000000    0.000000    0.000000    0.000000    0.000000    0.000000    0.000000    0.000000    0.000000
    0.000000    0.000000
    0.000000    0.000000    0.000000    0.000000    0.000000    0.000000    0.000000    0.000000    0.000000    0.000000    0.000000    0.000000    0.000000    0.000000    0.000000    0.000000    0.000000   -5.795043    0.000000    0.000000    0.000000    0.000000    0.000000    0.000000    0.000000    0.000000    0.000000
    0.000000    0.000000    0.000000    0.000000    0.000000    0.000000    0.000000    0.000000    0.000000   -2.249725    0.000000   14.795043    0.000000    0.000000    0.000000    0.000000    0.000000    0.000000    0.000000    0.000000    0.000000   -2.250275    0.000000    0.000000    0.000000    0.000000    0.000000
    0.000000    0.000000
    0.000000    0.000000    0.000000    0.000000    0.000000    0.000000    0.000000    0.000000    0.000000   -4.500000    0.000000    0.000000    0.000000    0.000000    0.000000    0.000000    0.000000    0.000000    0.000000    0.000000    0.000000    0.000000    0.000000    0.000000    0.000000    0.000000    0.000000
    0.000000    0.000000    0.000000    0.000000    0.000000    0.000000    0.000000    0.000000    0.000000    0.000000    0.000000    0.000000   14.863159   -2.250000   -5.863160    0.000000    0.000000    0.000000    0.000000    2.250000    0.000000    0.000000    0.000000    0.000000    0.000000    0.000000    0.000000
    0.000000    0.000000
    0.000000    0.000000    0.000000    0.000000    0.000000    0.000000   -4.500000   -0.389089   -5.581847   -0.392105    0.000000    0.000000    0.000000    0.000000    0.000000    0.000000    0.000000    0.000000    0.000000    0.000000    0.000000    0.000000    0.000000    0.000000    0.000000    0.000000    0.000000
    0.000000    0.000000    0.000000    0.000000    0.000000    0.000000    0.000000    0.000000    0.000000    0.000000    0.000000    0.000000   -2.250000   16.279548    0.200479    2.250000   -1.676008   -2.010702    0.000000    0.000000    0.000000    0.000000    0.000000    0.000000    0.000000    0.000000    0.000000
    0.000000    0.000000
    0.000000    0.000000    0.000000    0.000000    0.000000    0.000000    0.000000    0.000000    1.069716   -3.330722  -10.060629    0.000000    0.000000    0.000000    0.000000    0.000000    1.077565    0.000000    0.000000    0.000000    0.000000    0.000000    0.000000    0.000000    0.000000    0.000000    0.000000
    0.000000    0.000000    0.000000    0.000000    0.000000    0.000000    0.000000    0.000000    0.000000    0.000000    0.000000    0.000000   -5.863160    0.200479   28.937690    0.000000    0.000000   -3.908925   -2.916012   -1.662303    0.981105    0.000000    0.000000    0.000000    0.000000    0.000000    0.000000
    0.000000    0.000000
    0.000000    0.000000    0.000000    0.000000    0.000000    0.000000    0.000000   -2.250000    0.000000    0.000000    0.000000    0.000000    0.000000    0.000000    0.000000    0.000000    0.000000    0.000000    0.000000    0.000000    0.000000    0.000000    0.000000    0.000000    0.000000    0.000000    0.000000
    0.000000    0.000000    0.000000    0.000000    0.000000    0.000000    0.000000    0.000000    0.000000    0.000000    0.000000    0.000000    0.000000    2.250000    0.000000    7.455741   -2.955741    0.000000    0.000000    0.000000    0.000000    0.000000    0.000000    0.000000    0.000000    0.000000    0.000000
    0.000000    0.000000
    0.000000    0.000000    0.000000    0.000000    0.000000    0.000000    0.000000   -1.673668    1.070874    0.000000    0.000000    0.000000    0.000000    0.000000    0.000000    0.000000    0.000000    0.000000    0.000000    0.000000    0.000000    0.000000    0.000000    0.000000    0.000000    0.000000    0.000000
    0.000000    0.000000    0.000000   -5.025126    0.000000    0.000000    0.000000    0.000000    0.000000    0.000000    0.000000    0.000000    0.000000   -1.676008    0.000000   -2.955741   14.472588    0.980750    0.000000    0.000000    0.000000    0.000000   -1.449208    0.000000    0.000000    0.000000    0.000000
    0.000000    0.000000
    0.000000    0.000000    0.000000    0.000000    0.000000    0.000000    0.000000    0.000000   -7.810365    0.000000    1.789030    0.000000    0.000000    0.000000    0.000000    0.000000    0.000000    0.000000    0.000000    0.000000    0.000000    0.000000    0.000000    0.000000    0.000000    0.000000    0.000000
    0.000000    0.000000    0.000000    1.783431  -10.038427    0.000000    0.000000    0.000000    0.000000    0.000000    0.000000    0.000000    0.000000   -2.010702   -3.908925    0.000000    0.980750   29.495322    0.988490    0.000000    0.000000    0.000000   -3.892071   -1.990278    0.000000    0.000000    0.000000
    0.000000    0.000000
    0.000000    0.000000    0.000000    0.000000    0.000000    0.000000    0.000000    0.000000    0.000000    0.000000   -7.791118    0.000000    0.000000    0.000000    0.000000    0.000000    0.000000    1.045228    0.000000    0.000000    0.000000    0.000000    0.000000    0.000000    0.000000    0.000000    0.000000
    0.000000    0.000000    0.000000    0.000000    1.054198   -5.558869    0.000000    0.000000    0.000000    0.000000    0.000000    0.000000    0.000000    0.000000   -2.916012    0.000000    0.000000    0.988490   28.795875    0.000000   -3.877669    0.209675    0.000000   -1.654944   -5.790311    0.000000    0.000000
    0.000000    0.000000
    0.000000    0.000000    0.000000    0.000000    0.000000    0.000000    0.000000    0.000000    0.000000   -0.392127    0.000000    0.000000    0.000000    0.000000    0.000000   -2.247261   -2.793452    0.000000    0.000000    0.000000    0.000000    0.000000    0.000000    0.000000    0.000000    0.000000    0.000000
    0.000000    0.000000    0.000000    0.000000    0.000000    0.000000    0.000000    0.000000    0.000000    0.000000    0.000000    0.000000    2.250000    0.000000   -1.662303    0.000000    0.000000    0.000000    0.000000    8.137026   -1.008061    0.000000    0.000000    0.000000    0.000000    0.000000    0.000000
    0.000000    0.000000
    0.000000    0.000000    0.000000    0.000000    0.000000    0.000000    0.000000    0.000000    0.000000    0.000000    1.787890    0.000000    0.000000    0.000000    0.000000    0.000000   -3.930882   -4.999607    0.000000    0.000000    0.000000    0.000000    0.000000    0.000000    0.000000    0.000000    0.000000
    0.000000    0.000000    0.000000    0.000000    0.000000    0.000000    0.000000    0.000000    0.000000    0.000000    0.000000    0.000000    0.000000    0.000000    0.981105    0.000000    0.000000    0.000000   -3.877669   -1.008061   14.758281   -0.991059    0.000000    0.000000    0.000000    0.000000    0.000000
    0.000000    0.000000
    0.000000    0.000000    0.000000    0.000000    0.000000    0.000000    0.000000    0.000000    0.000000    0.000000    0.000000    0.000000    0.000000    0.000000    0.000000    0.000000    0.000000   -1.657859    0.000000    0.000000    0.000000    0.000000    0.000000    0.000000    0.000000    0.000000    0.000000
    0.000000    0.000000    0.000000    0.000000    0.000000    0.724192    0.000000    0.000000    0.000000    0.000000    0.000000   -2.250275    0.000000    0.000000    0.000000    0.000000    0.000000    0.000000    0.209675    0.000000   -0.991059    8.115169    0.000000    0.000000   -2.250000    0.000000    0.000000
    0.000000    0.000000
    0.000000    0.000000    0.000000    0.000000    0.000000    0.000000    0.000000    0.000000    0.000000    0.000000    0.000000    0.000000    0.000000    0.000000    0.000000    0.000000    0.000000    0.000000    0.000000    0.000000    0.000000    0.000000    0.000000    0.000000    0.000000    0.000000    0.000000
    0.000000    0.000000    0.000000   -3.881064    1.045312    0.000000   -2.781897    0.000000    0.000000    0.000000    0.000000    0.000000    0.000000    0.000000    0.000000    0.000000   -1.449208   -3.892071    0.000000    0.000000    0.000000    0.000000   14.384758    0.206386    0.000000   -2.895049    0.000000
    0.000000    0.000000
    0.000000    0.000000    0.000000    0.000000    0.000000    0.000000    0.000000    0.000000    0.000000    0.000000    0.000000    0.000000    0.000000    0.000000    0.000000    0.000000    0.000000    0.000000    0.000000    0.000000    0.000000    0.000000    0.000000    0.000000    0.000000    0.000000    0.000000
    0.000000    0.000000    0.000000    0.000000   -3.309307    0.723789    0.723776   -4.500000    0.000000    0.000000    0.000000    0.000000    0.000000    0.000000    0.000000    0.000000    0.000000   -1.990278   -1.654944    0.000000    0.000000    0.000000    0.206386   16.228292    2.250000   -2.250000    0.000000
    0.000000    0.000000
    0.000000    0.000000    0.000000    0.000000    0.000000    0.000000    0.000000    0.000000    0.000000    0.000000    0.000000    0.000000    0.000000    0.000000    0.000000    0.000000    0.000000    0.000000    0.000000    0.000000    0.000000    0.000000    0.000000    0.000000    0.000000    0.000000    0.000000
    0.000000    0.000000    0.000000    0.000000    0.000000   -4.500000    0.000000    0.000000    0.000000    0.000000    0.000000    0.000000    0.000000    0.000000    0.000000    0.000000    0.000000    0.000000   -5.790311    0.000000    0.000000   -2.250000    0.000000    2.250000   14.790311    0.000000    0.000000
    0.000000    0.000000
    0.000000    0.000000    0.000000    0.000000    0.000000    0.000000    0.000000    0.000000    0.000000    0.000000    0.000000    0.000000    0.000000    0.000000    0.000000    0.000000    0.000000    0.000000    0.000000    0.000000    0.000000    0.000000    0.000000    0.000000    0.000000    0.000000    0.000000
    0.000000    0.000000    0.000000    0.000000    0.000000    0.000000   -2.250000    0.000000    0.000000    0.000000    0.000000    0.000000    0.000000    0.000000    0.000000    0.000000    0.000000    0.000000    0.000000    0.000000    0.000000    0.000000   -2.895049   -2.250000    0.000000    7.395049    0.000000
    0.000000    0.000000
    0.000000    0.000000    0.000000    0.000000    0.000000    0.000000    0.000000    0.000000    0.000000    0.000000    0.000000    0.000000    0.000000    0.000000    0.000000    0.000000    0.000000    0.000000    0.000000    0.000000    0.000000    0.000000    0.000000    0.000000    0.098291    1.335919   -2.787271
    0.727333    0.000000    0.000000    0.000000    0.000000    0.000000    0.000000    0.000000    0.000000    0.000000    0.000000    0.000000    0.000000    0.000000    0.000000    0.000000    0.000000    0.000000    0.000000    0.000000    0.000000    0.000000    0.000000    0.000000    0.000000    0.000000    8.125550
   -2.250000   -2.248317
    0.000000    0.000000    0.000000    0.000000    0.000000    0.000000    0.000000    0.000000    0.000000    0.000000    0.000000    0.000000    0.000000    0.000000    0.000000    0.000000    0.000000    0.000000    0.000000    0.000000    0.000000    0.000000    0.000000    0.000000    0.000000   -5.842558    0.000000
   -4.500000    2.250000    0.000000    0.000000    0.000000    0.000000    0.000000    0.000000    0.000000    0.000000    0.000000    0.000000    0.000000    0.000000    0.000000    0.000000    0.000000    0.000000    0.000000    0.000000    0.000000    0.000000    0.000000    0.000000    0.000000    0.000000   -2.250000
   14.842558    0.000000
    0.000000    0.000000    0.000000    0.000000    0.000000    0.000000    0.000000    0.000000    0.000000    0.000000    0.000000    0.000000    0.000000    0.000000    0.000000    0.000000    0.000000    0.000000    0.000000    0.000000    0.000000    0.000000    0.000000    0.000000    0.000000    0.000000   -5.805298
    0.000000    0.000000    0.000000    0.000000    0.000000    0.000000   -2.251686    0.000000    0.000000    0.000000    0.000000    0.000000    0.000000    0.000000    0.000000    0.000000    0.000000    0.000000    0.000000    0.000000    0.000000    0.000000    0.000000    0.000000    0.000000    0.000000   -2.248317
    0.000000   14.805300
 Temperatures
  100.000000
  100.000000
  100.000000
  100.000000
    0.000000
  100.000000
  100.000000
  100.000000
    0.000000
  100.000000
    0.000000
  100.000000
    0.000000
  100.000000
    0.000000
  100.000000
    0.000000
    0.000000
  100.000000
    0.000000
    0.000000
    0.000000
    0.000000
    0.000000
    0.000000
    0.000000
    0.000000
    0.000000
    0.000000
    0.000000
    0.000000
    0.000000
    0.000000
    0.000000
    0.000000
    0.000000
    0.000000
    0.000000
    0.000000
   10.000000
   10.000000
   10.000000
   10.000000
   10.000000
   10.000000
   10.000000
   10.000000
   10.000000
   10.000000
   10.000000
   10.000000
   10.000000
   10.000000
    0.000000
    0.000000
    0.000000
 New stiffness
 
   57.828743    1.068684   -7.807358    1.061128    0.460564    1.069320    0.000000    1.063670    0.000000   -4.044273  -10.047629   -3.582064    0.000000    0.000000    0.000000    0.000000    0.000000    0.000000    0.000000    0.000000    0.000000    0.000000    0.000000    0.000000    0.000000    0.000000    0.000000    0.000000    0.000000    0.000000
    1.068684   57.865446    0.456262    0.000000    0.000000    0.000000    0.000000    0.000000    1.076757  -10.062600    0.000000    0.000000    0.000000    0.000000    0.000000    0.000000    0.000000    0.000000   -4.064574   -3.580489    0.000000    0.000000    0.000000    0.000000    0.000000    0.000000    0.000000    0.000000    0.000000    0.000000
   -7.807358    0.456262   59.016191    0.000000    1.790356   -4.061211    0.863711    0.000000    0.000000    1.790540    0.000000  -10.046465    0.000000    0.000000    0.000000    0.000000    0.000000    0.000000    0.000000   -4.421366   -1.799410    0.000000    0.000000    0.000000    0.000000    0.000000    0.000000    0.000000    0.000000    0.000000
    1.061128    0.000000    0.000000   14.455268   -3.880278    0.000000    0.000000    0.000000    0.000000    0.000000   -0.143401    0.000000    0.000000    0.000000    0.000000    0.000000    0.000000    0.000000    0.000000    0.000000    0.000000    0.000000    0.000000   -0.315735    0.000000    0.000000    0.000000    0.000000    0.000000    0.000000
    0.460564    0.000000    1.790356   -3.880278   29.473132   -5.020299   -3.904678    0.000000    0.000000    0.000000    1.774442   -4.422414    0.000000    0.000000    0.000000    0.000000    0.000000    0.000000    0.000000    0.000000    0.000000    0.000000    0.000000   -5.004964   -0.900040    0.000000    0.000000    0.000000    0.000000    0.000000
    1.069320    0.000000   -4.061211    0.000000   -5.020299   28.932958   -1.787549    0.000000    0.000000    0.000000    0.000000    0.000000    0.000000    0.000000    0.000000    0.000000    0.000000    0.000000    0.000000    0.000000    0.000000    0.000000    0.000000    0.000000    0.000000    0.000000    0.000000    0.000000    0.000000    0.000000
    0.000000    0.000000    0.863711    0.000000   -3.904678   -1.787549   28.800788    0.000000    0.000000    0.000000    0.000000    1.053550    0.000000    0.000000    0.000000    0.000000    0.000000    0.000000    0.000000    0.000000   -0.322992    0.000000    0.000000    0.000000   -2.780193    0.000000   -5.795043    0.000000    0.000000    0.000000
    1.063670    0.000000    0.000000    0.000000    0.000000    0.000000    0.000000   28.922408    1.066211   -7.775159   -0.516132    0.000000   -0.145427   -0.630474    0.000000    0.000000    0.000000    0.000000    0.000000    0.000000    0.000000    0.000000    0.000000    0.000000    0.000000    0.000000    0.000000    0.000000    0.000000    0.000000
    0.000000    1.076757    0.000000    0.000000    0.000000    0.000000    0.000000    1.066211   28.932413    0.455903    0.000000    0.000000   -5.018400    0.000000   -1.782760    0.000000    0.000000    0.000000   -3.929311    0.000000    0.000000    0.000000    0.000000    0.000000    0.000000    0.000000    0.000000    0.000000    0.000000    0.000000
   -4.044273  -10.062600    1.790540    0.000000    0.000000    0.000000    0.000000   -7.775159    0.455903   58.945094    1.772946    0.859947    1.770005  -10.003608   -4.397713   -1.795390    0.000000    0.000000    1.785010   -7.788886    0.000000    0.000000    0.000000    0.000000    0.000000    0.000000    0.000000    0.000000    0.000000    0.000000
  -10.047629    0.000000    0.000000   -0.143401    1.774442    0.000000    0.000000   -0.516132    0.000000    1.772946   29.448393   -7.785569    0.000000   -0.513757    0.000000    0.000000    0.194120    0.000000    0.000000    0.000000    0.000000    0.000000    0.000000   -0.136682    0.000000    0.000000    0.000000    0.000000    0.000000    0.000000
   -3.582064    0.000000  -10.046465    0.000000   -4.422414    0.000000    1.053550    0.000000    0.000000    0.859947   -7.785569   57.614104    0.000000    1.047229    0.000000   -0.323311   -5.560438  -11.580623    0.000000    1.053540   -3.308662    0.000000    0.000000    1.049087   -0.324270    0.000000    0.000000    0.000000    0.000000    0.000000
    0.000000    0.000000    0.000000    0.000000    0.000000    0.000000    0.000000   -0.145427   -5.018400    1.770005    0.000000    0.000000   14.716559   -0.129300   -3.888936    0.000000    0.000000    0.000000    0.000000    0.000000    0.000000    0.000000    0.000000    0.000000    0.000000    0.000000    0.000000    0.098291    0.000000    0.000000
    0.000000    0.000000    0.000000    0.000000    0.000000    0.000000    0.000000   -0.630474    0.000000  -10.003608   -0.513757    1.047229   -0.129300   28.805036    1.043144   -3.333036   -0.536131    0.000000    0.000000    0.000000    0.000000    0.000000    0.000000    0.000000    0.000000    0.000000    0.000000    1.335919   -5.842558    0.000000
    0.000000    0.000000    0.000000    0.000000    0.000000    0.000000    0.000000    0.000000   -1.782760   -4.397713    0.000000    0.000000   -3.888936    1.043144   28.791806   -0.326269    0.000000    0.000000   -4.995877    1.043892    0.000000   -1.657125    0.000000    0.000000    0.000000    0.000000    0.000000   -2.787271    0.000000   -5.805298
    0.000000    0.000000    0.000000    0.000000    0.000000    0.000000    0.000000    0.000000    0.000000   -1.795390    0.000000   -0.323311    0.000000   -3.333036   -0.326269   32.477583    0.727044    0.000000    0.000000   -5.558744    0.723789    0.725377   -4.500001    0.000000    0.000000    0.000000    0.000000    0.727333   -4.500000    0.000000
    0.000000    0.000000    0.000000    0.000000    0.000000    0.000000    0.000000    0.000000    0.000000    0.000000    0.194120   -5.560438    0.000000   -0.536131    0.000000    0.727044   16.244610   -4.500000    0.000000    0.000000    0.000000    0.000000    0.000000    1.337097    0.727043   -2.250000    0.000000    0.000000    2.250000    0.000000
    0.000000    0.000000    0.000000    0.000000    0.000000    0.000000    0.000000    0.000000    0.000000    0.000000    0.000000  -11.580623    0.000000    0.000000    0.000000    0.000000   -4.500000   29.580624    0.000000    0.000000   -4.500001    0.000000    0.000000    0.000000    0.000000    0.000000    0.000000    0.000000    0.000000    0.000000
    0.000000   -4.064574    0.000000    0.000000    0.000000    0.000000    0.000000    0.000000   -3.929311    1.785010    0.000000    0.000000    0.000000    0.000000   -4.995877    0.000000    0.000000    0.000000   29.490765    0.863395    0.000000   -0.891215    0.000000    0.000000    0.000000    0.000000    0.000000    0.000000    0.000000    0.000000
    0.000000   -3.580489   -4.421366    0.000000    0.000000    0.000000    0.000000    0.000000    0.000000   -7.788886    0.000000    1.053540    0.000000    0.000000    1.043892   -5.558744    0.000000    0.000000    0.863395   57.587787   -0.322578   -0.323370  -11.580623    0.000000    0.000000    0.000000    0.000000    0.000000    0.000000    0.000000
    0.000000    0.000000   -1.799410    0.000000    0.000000    0.000000   -0.322992    0.000000    0.000000    0.000000    0.000000   -3.308662    0.000000    0.000000    0.000000    0.723789    0.000000   -4.500001    0.000000   -0.322578   32.457957    0.000000    0.000000    0.000000    0.723977    0.000000    0.000000    0.000000    0.000000    0.000000
    0.000000    0.000000    0.000000    0.000000    0.000000    0.000000    0.000000    0.000000    0.000000    0.000000    0.000000    0.000000    0.000000    0.000000   -1.657125    0.725377    0.000000    0.000000   -0.891215   -0.323370    0.000000   16.230505    0.000000    0.000000    0.000000    0.000000    0.000000    0.000000    0.000000   -2.251686
    0.000000    0.000000    0.000000    0.000000    0.000000    0.000000    0.000000    0.000000    0.000000    0.000000    0.000000    0.000000    0.000000    0.000000    0.000000   -4.500001    0.000000    0.000000    0.000000  -11.580623    0.000000    0.000000   29.580624    0.000000    0.000000    0.000000    0.000000    0.000000    0.000000    0.000000
    0.000000    0.000000    0.000000   -0.315735   -5.004964    0.000000    0.000000    0.000000    0.000000    0.000000   -0.136682    1.049087    0.000000    0.000000    0.000000    0.000000    1.337097    0.000000    0.000000    0.000000    0.000000    0.000000    0.000000   14.404574   -1.665655   -2.921279    0.000000    0.000000    0.000000    0.000000
    0.000000    0.000000    0.000000    0.000000   -0.900040    0.000000   -2.780193    0.000000    0.000000    0.000000    0.000000   -0.324270    0.000000    0.000000    0.000000    0.000000    0.727043    0.000000    0.000000    0.000000    0.723977    0.000000    0.000000   -1.665655   16.237113   -2.250000   -2.249725    0.000000    0.000000    0.000000
    0.000000    0.000000    0.000000    0.000000    0.000000    0.000000    0.000000    0.000000    0.000000    0.000000    0.000000    0.000000    0.000000    0.000000    0.000000    0.000000   -2.250000    0.000000    0.000000    0.000000    0.000000    0.000000    0.000000   -2.921279   -2.250000    7.421279    0.000000    0.000000    0.000000    0.000000
    0.000000    0.000000    0.000000    0.000000    0.000000    0.000000   -5.795043    0.000000    0.000000    0.000000    0.000000    0.000000    0.000000    0.000000    0.000000    0.000000    0.000000    0.000000    0.000000    0.000000    0.000000    0.000000    0.000000    0.000000   -2.249725    0.000000   14.795043    0.000000    0.000000    0.000000
    0.000000    0.000000    0.000000    0.000000    0.000000    0.000000    0.000000    0.000000    0.000000    0.000000    0.000000    0.000000    0.098291    1.335919   -2.787271    0.727333    0.000000    0.000000    0.000000    0.000000    0.000000    0.000000    0.000000    0.000000    0.000000    0.000000    0.000000    8.125550   -2.250000   -2.248317
    0.000000    0.000000    0.000000    0.000000    0.000000    0.000000    0.000000    0.000000    0.000000    0.000000    0.000000    0.000000    0.000000   -5.842558    0.000000   -4.500000    2.250000    0.000000    0.000000    0.000000    0.000000    0.000000    0.000000    0.000000    0.000000    0.000000    0.000000   -2.250000   14.842558    0.000000
    0.000000    0.000000    0.000000    0.000000    0.000000    0.000000    0.000000    0.000000    0.000000    0.000000    0.000000    0.000000    0.000000    0.000000   -5.805298    0.000000    0.000000    0.000000    0.000000    0.000000    0.000000   -2.251686    0.000000    0.000000    0.000000    0.000000    0.000000   -2.248317    0.000000   14.805300
 New flux
 
 2132.520512
 1687.573650
  326.278318
  442.800574
   91.415954
  656.284308
   56.122385
 1073.378285
 1253.448064
  183.416061
  -17.688657
    0.000000
   -8.736234
    0.000000
    0.000000
    0.000000
    0.000000
    0.000000
  163.676679
  112.482234
   86.108883
   43.081207
   44.999996
    0.000000
    0.000000
    0.000000
   22.502754
    0.000000
    0.000000
    0.000000
